<?xml version="1.0" encoding="UTF-8" ?>
<testsuite tests="8" failures="0" name="cz.muni.fi.pv168.winetasting.backend.WineSampleDAOTest" time="1.493" errors="0" skipped="0">
  <properties>
    <property name="java.runtime.name" value="Java(TM) SE Runtime Environment"/>
    <property name="sun.boot.library.path" value="/home/lukas/jdk1.8.0_131/jre/lib/amd64"/>
    <property name="java.vm.version" value="25.131-b11"/>
    <property name="java.vm.vendor" value="Oracle Corporation"/>
    <property name="java.vendor.url" value="http://java.oracle.com/"/>
    <property name="path.separator" value=":"/>
    <property name="guice.disable.misplaced.annotation.check" value="true"/>
    <property name="java.vm.name" value="Java HotSpot(TM) 64-Bit Server VM"/>
    <property name="file.encoding.pkg" value="sun.io"/>
    <property name="user.country" value="US"/>
    <property name="sun.java.launcher" value="SUN_STANDARD"/>
    <property name="sun.os.patch.level" value="unknown"/>
    <property name="java.vm.specification.name" value="Java Virtual Machine Specification"/>
    <property name="user.dir" value="/media/lukas/9636525B36523D05/skola/PV168/wineTasting"/>
    <property name="java.runtime.version" value="1.8.0_131-b11"/>
    <property name="java.awt.graphicsenv" value="sun.awt.X11GraphicsEnvironment"/>
    <property name="java.endorsed.dirs" value="/home/lukas/jdk1.8.0_131/jre/lib/endorsed"/>
    <property name="os.arch" value="amd64"/>
    <property name="java.io.tmpdir" value="/tmp"/>
    <property name="line.separator" value="
"/>
    <property name="java.vm.specification.vendor" value="Oracle Corporation"/>
    <property name="os.name" value="Linux"/>
    <property name="maven.ext.class.path" value="/home/lukas/netbeans-8.2/java/maven-nblib/netbeans-eventspy.jar"/>
    <property name="classworlds.conf" value="/home/lukas/netbeans-8.2/java/maven/bin/m2.conf"/>
    <property name="sun.jnu.encoding" value="UTF-8"/>
    <property name="java.library.path" value="/home/lukas/jdk1.8.0_131/jre/lib/amd64:/home/lukas/jdk1.8.0_131/jre/lib/i386::/usr/java/packages/lib/amd64:/usr/lib64:/lib64:/lib:/usr/lib"/>
    <property name="java.specification.name" value="Java Platform API Specification"/>
    <property name="java.class.version" value="52.0"/>
    <property name="sun.management.compiler" value="HotSpot 64-Bit Tiered Compilers"/>
    <property name="os.version" value="4.4.0-57-generic"/>
    <property name="user.home" value="/home/lukas"/>
    <property name="user.timezone" value="Europe/Bratislava"/>
    <property name="java.awt.printerjob" value="sun.print.PSPrinterJob"/>
    <property name="file.encoding" value="UTF-8"/>
    <property name="java.specification.version" value="1.8"/>
    <property name="user.name" value="lukas"/>
    <property name="java.class.path" value="/home/lukas/netbeans-8.2/java/maven/boot/plexus-classworlds-2.4.jar"/>
    <property name="java.vm.specification.version" value="1.8"/>
    <property name="sun.arch.data.model" value="64"/>
    <property name="java.home" value="/home/lukas/jdk1.8.0_131/jre"/>
    <property name="sun.java.command" value="org.codehaus.plexus.classworlds.launcher.Launcher -Dmaven.ext.class.path=/home/lukas/netbeans-8.2/java/maven-nblib/netbeans-eventspy.jar install"/>
    <property name="java.specification.vendor" value="Oracle Corporation"/>
    <property name="user.language" value="en"/>
    <property name="awt.toolkit" value="sun.awt.X11.XToolkit"/>
    <property name="java.vm.info" value="mixed mode"/>
    <property name="java.version" value="1.8.0_131"/>
    <property name="java.ext.dirs" value="/home/lukas/jdk1.8.0_131/jre/lib/ext:/usr/java/packages/lib/ext"/>
    <property name="securerandom.source" value="file:/dev/./urandom"/>
    <property name="sun.boot.class.path" value="/home/lukas/jdk1.8.0_131/jre/lib/resources.jar:/home/lukas/jdk1.8.0_131/jre/lib/rt.jar:/home/lukas/jdk1.8.0_131/jre/lib/sunrsasign.jar:/home/lukas/jdk1.8.0_131/jre/lib/jsse.jar:/home/lukas/jdk1.8.0_131/jre/lib/jce.jar:/home/lukas/jdk1.8.0_131/jre/lib/charsets.jar:/home/lukas/jdk1.8.0_131/jre/lib/jfr.jar:/home/lukas/jdk1.8.0_131/jre/classes"/>
    <property name="java.vendor" value="Oracle Corporation"/>
    <property name="maven.home" value="/home/lukas/netbeans-8.2/java/maven"/>
    <property name="file.separator" value="/"/>
    <property name="java.vendor.url.bug" value="http://bugreport.sun.com/bugreport/"/>
    <property name="sun.cpu.endian" value="little"/>
    <property name="sun.io.unicode.encoding" value="UnicodeLittle"/>
    <property name="sun.cpu.isalist" value=""/>
  </properties>
  <testcase classname="cz.muni.fi.pv168.winetasting.backend.WineSampleDAOTest" name="getAllWineSamples" time="1.09"/>
  <testcase classname="cz.muni.fi.pv168.winetasting.backend.WineSampleDAOTest" name="testCreateWithNull" time="0.033"/>
  <testcase classname="cz.muni.fi.pv168.winetasting.backend.WineSampleDAOTest" name="createWineSample" time="0.058"/>
  <testcase classname="cz.muni.fi.pv168.winetasting.backend.WineSampleDAOTest" name="findAllUnsessionedWines" time="0.073"/>
  <testcase classname="cz.muni.fi.pv168.winetasting.backend.WineSampleDAOTest" name="deleteWineSample" time="0.054"/>
  <testcase classname="cz.muni.fi.pv168.winetasting.backend.WineSampleDAOTest" name="updateWineSample" time="0.064"/>
  <testcase classname="cz.muni.fi.pv168.winetasting.backend.WineSampleDAOTest" name="findWineSample" time="0.033"/>
  <testcase classname="cz.muni.fi.pv168.winetasting.backend.WineSampleDAOTest" name="findWineSampleByVariety" time="0.041"/>
</testsuite>